<?xml version="1.0" encoding="UTF-8"?>
<!-- Generated by org.testng.reporters.JUnitReportReporter -->
<testsuite hostname="LAPTOP-3V5VJ7LV" failures="0" tests="1" name="testcases.TC_LoginTest_001" time="10.932" errors="0" timestamp="17 May 2022 03:17:35 GMT" skipped="0">
  <testcase classname="testcases.TC_LoginTest_001" name="loginTest" time="10.932"/>
</testsuite> <!-- testcases.TC_LoginTest_001 -->
